Processing 2025-04-10
--2025-04-12 05:47:44--  https://www.alphavantage.co/query?function=TIME_SERIES_INTRADAY&symbol=IBM&interval=5min&outputsize=full&datatype=json&apikey=L2CS5Y3MI25MWQRY
Resolving www.alphavantage.co (www.alphavantage.co)... 2606:4700:10::6816:46d1, 2606:4700:10::ac43:1702, 2606:4700:10::6816:47d1, ...
Connecting to www.alphavantage.co (www.alphavantage.co)|2606:4700:10::6816:46d1|:443... connected.
HTTP request sent, awaiting response... 200 OK
Length: 808845 (790K) [application/json]
Saving to: ‘/home/ec2-user/git_assignment/stock-market-data-’

     0K .......... .......... .......... .......... ..........  6% 13.5M 0s
    50K .......... .......... .......... .......... .......... 12% 15.2M 0s
   100K .......... .......... .......... .......... .......... 18% 11.3M 0s
   150K .......... .......... .......... .......... .......... 25% 27.6M 0s
   200K .......... .......... .......... .......... .......... 31% 9.85M 0s
   250K .......... .......... .......... .......... .......... 37% 33.5M 0s
   300K .......... .......... .......... .......... .......... 44% 35.3M 0s
   350K .......... .......... .......... .......... .......... 50% 23.7M 0s
   400K .......... .......... .......... .......... .......... 56% 21.7M 0s
   450K .......... .......... .......... .......... .......... 63% 30.7M 0s
   500K .......... .......... .......... .......... .......... 69% 22.9M 0s
   550K .......... .......... .......... .......... .......... 75% 24.6M 0s
   600K .......... .......... .......... .......... .......... 82% 27.1M 0s
   650K .......... .......... .......... .......... .......... 88% 26.7M 0s
   700K .......... .......... .......... .......... .......... 94% 13.8M 0s
   750K .......... .......... .......... .........            100%  145M=0.04s

2025-04-12 05:47:45 (20.2 MB/s) - ‘/home/ec2-user/git_assignment/stock-market-data-’ saved [808845/808845]

./stock-market-data-fetcher.sh: line 25: fetcher/Naanorle/csv/ibm-intraday-2025-04-10.csv


# Downloads stock data in json

wget https://www.alphavantage.co/query?function=TIME_SERIES_INTRADAY: No such file or directory
