Processing 2025-04-11
--2025-04-12 05:47:45--  https://www.alphavantage.co/query?function=TIME_SERIES_INTRADAY&symbol=IBM&interval=5min&outputsize=full&datatype=json&apikey=L2CS5Y3MI25MWQRY
Resolving www.alphavantage.co (www.alphavantage.co)... 2606:4700:10::6816:47d1, 2606:4700:10::6816:46d1, 2606:4700:10::ac43:1702, ...
Connecting to www.alphavantage.co (www.alphavantage.co)|2606:4700:10::6816:47d1|:443... connected.
HTTP request sent, awaiting response... 200 OK
Length: 808845 (790K) [application/json]
Saving to: ‘/home/ec2-user/git_assignment/stock-market-data-’

     0K .......... .......... .......... .......... ..........  6% 34.8M 0s
    50K .......... .......... .......... .......... .......... 12% 12.8M 0s
   100K .......... .......... .......... .......... .......... 18% 11.2M 0s
   150K .......... .......... .......... .......... .......... 25% 23.6M 0s
   200K .......... .......... .......... .......... .......... 31% 14.1M 0s
   250K .......... .......... .......... .......... .......... 37% 20.8M 0s
   300K .......... .......... .......... .......... .......... 44% 5.17M 0s
   350K .......... .......... .......... .......... .......... 50% 31.9M 0s
   400K .......... .......... .......... .......... .......... 56% 55.7M 0s
   450K .......... .......... .......... .......... .......... 63% 64.4M 0s
   500K .......... .......... .......... .......... .......... 69% 8.34M 0s
   550K .......... .......... .......... .......... .......... 75%  193M 0s
   600K .......... .......... .......... .......... .......... 82%  163M 0s
   650K .......... .......... .......... .......... .......... 88%  231M 0s
   700K .......... .......... .......... .......... .......... 94% 4.09M 0s
   750K .......... .......... .......... .........            100%  134M=0.05s

2025-04-12 05:47:45 (15.8 MB/s) - ‘/home/ec2-user/git_assignment/stock-market-data-’ saved [808845/808845]

./stock-market-data-fetcher.sh: line 25: fetcher/Naanorle/csv/ibm-intraday-2025-04-11.csv


# Downloads stock data in json

wget https://www.alphavantage.co/query?function=TIME_SERIES_INTRADAY: No such file or directory
