📅 Processing 2025-04-09
--2025-04-14 20:45:14--  https://www.alphavantage.co/query?function=TIME_SERIES_INTRADAY&symbol=IBM&interval=5min&outputsize=full&datatype=csv&apikey=L2CS5Y3MI25MWQRY
Resolving www.alphavantage.co (www.alphavantage.co)... 2606:4700:10::6816:47d1, 2606:4700:10::6816:46d1, 2606:4700:10::ac43:1702, ...
Connecting to www.alphavantage.co (www.alphavantage.co)|2606:4700:10::6816:47d1|:443... connected.
HTTP request sent, awaiting response... 200 OK
Length: 231202 (226K) [application/x-download]
Saving to: ‘/home/ec2-user/git_assignment/stock-market-data-fetcher/Naanorle/csv/ibm-intraday-2025-04-09.csv’

     0K .......... .......... .......... .......... .......... 22% 5.57M 0s
    50K .......... .......... .......... .......... .......... 44% 15.4M 0s
   100K .......... .......... .......... .......... .......... 66% 7.97M 0s
   150K .......... .......... .......... .......... .......... 88% 7.42M 0s
   200K .......... .......... .....                           100% 1.29M=0.04s

2025-04-14 20:45:14 (5.00 MB/s) - ‘/home/ec2-user/git_assignment/stock-market-data-fetcher/Naanorle/csv/ibm-intraday-2025-04-09.csv’ saved [231202/231202]

✅ Saved CSV for 2025-04-09
--2025-04-14 20:45:14--  https://www.alphavantage.co/query?function=TIME_SERIES_INTRADAY&symbol=IBM&interval=5min&outputsize=full&datatype=json&apikey=L2CS5Y3MI25MWQRY
Resolving www.alphavantage.co (www.alphavantage.co)... 2606:4700:10::ac43:1702, 2606:4700:10::6816:46d1, 2606:4700:10::6816:47d1, ...
Connecting to www.alphavantage.co (www.alphavantage.co)|2606:4700:10::ac43:1702|:443... connected.
HTTP request sent, awaiting response... 200 OK
Length: 808845 (790K) [application/json]
Saving to: ‘/home/ec2-user/git_assignment/stock-market-data-fetcher/Naanorle/json/ibm-intraday-2025-04-09.json’

     0K .......... .......... .......... .......... ..........  6% 2.77M 0s
    50K .......... .......... .......... .......... .......... 12% 5.95M 0s
   100K .......... .......... .......... .......... .......... 18% 6.30M 0s
   150K .......... .......... .......... .......... .......... 25% 6.03M 0s
   200K .......... .......... .......... .......... .......... 31% 70.2M 0s
   250K .......... .......... .......... .......... .......... 37% 22.6M 0s
   300K .......... .......... .......... .......... .......... 44% 12.3M 0s
   350K .......... .......... .......... .......... .......... 50% 13.0M 0s
   400K .......... .......... .......... .......... .......... 56% 60.7M 0s
   450K .......... .......... .......... .......... .......... 63% 74.5M 0s
   500K .......... .......... .......... .......... .......... 69% 51.6M 0s
   550K .......... .......... .......... .......... .......... 75% 21.1M 0s
   600K .......... .......... .......... .......... .......... 82%  215M 0s
   650K .......... .......... .......... .......... .......... 88% 87.0M 0s
   700K .......... .......... .......... .......... .......... 94% 53.7M 0s
   750K .......... .......... .......... .........            100%  135M=0.06s

2025-04-14 20:45:15 (13.1 MB/s) - ‘/home/ec2-user/git_assignment/stock-market-data-fetcher/Naanorle/json/ibm-intraday-2025-04-09.json’ saved [808845/808845]

✅ Saved JSON for 2025-04-09
✔️ Done processing 2025-04-09
